[08-05-2025 17:41:09][DEBG]Hi This is a debug message
[08-05-2025 17:41:09][INFO]Hi This is a debug message
[08-05-2025 17:41:09][WARN]Hi This is a debug message
[08-05-2025 17:41:09][ERRO]Hi This is a debug message
[08-05-2025 17:41:36][DEBG]Hi This is a debug message
[08-05-2025 17:41:36][INFO]Hi This is a info message
[08-05-2025 17:41:36][WARN]Hi This is a warning message
[08-05-2025 17:41:36][ERRO]Hi This is a error message
[08-05-2025 17:44:19] [DEBG] Hi This is a debug message
[08-05-2025 17:44:19] [INFO] Hi This is a info message
[08-05-2025 17:44:19] [WARN] Hi This is a warning message
[08-05-2025 17:44:19] [ERRO] Hi This is a error message
[08-05-2025 17:44:45] [DEBG] Hi This is a debug message
[08-05-2025 17:44:45] [INFO] Hi This is an info message
[08-05-2025 17:44:45] [WARN] Hi This is a warning message
[08-05-2025 17:44:45] [ERRO] Hi This is an error message
[08-05-2025 17:44:51] [DEBG] Hi This is a debug message
[08-05-2025 17:44:51] [INFO] Hi This is an info message
[08-05-2025 17:44:51] [WARN] Hi This is a warning message
[08-05-2025 17:44:51] [ERRO] Hi This is an error message
